<?xml version="1.0" encoding="UTF-8"?>
<!-- Generated by org.testng.reporters.JUnitReportReporter -->
<testsuite hostname="Dell-PC" failures="0" tests="1" name="demo.Test3" time="25.663" errors="0" timestamp="2020-06-01T22:17:19 IST" skipped="0">
  <testcase classname="demo.Test3" name="test3" time="25.663"/>
  <system-out/>
</testsuite> <!-- demo.Test3 -->
