<?xml version="1.0" encoding="UTF-8"?>
<!-- Generated by org.testng.reporters.JUnitReportReporter -->
<testsuite hostname="Dell-PC" failures="0" tests="3" name="demo.TestNGdependency" time="0.021" errors="0" timestamp="2020-06-01T21:13:23 IST" skipped="0">
  <testcase classname="demo.TestNGdependency" name="Test1" time="0.000"/>
  <system-out/>
  <testcase classname="demo.TestNGdependency" name="Test3" time="0.001"/>
  <system-out/>
  <testcase classname="demo.TestNGdependency" name="Test2" time="0.020"/>
  <system-out/>
</testsuite> <!-- demo.TestNGdependency -->
