<?xml version="1.0" encoding="UTF-8"?>
<!-- Generated by org.testng.reporters.JUnitReportReporter -->
<testsuite hostname="Dell-PC" failures="0" tests="1" name="demo.TestNGgroupsdemoParameterized" time="0.020" errors="0" timestamp="2020-06-01T19:52:00 IST" skipped="0">
  <testcase classname="demo.TestNGgroupsdemoParameterized" name="TestDemo" time="0.020"/>
  <system-out/>
</testsuite> <!-- demo.TestNGgroupsdemoParameterized -->
