<?xml version="1.0" encoding="UTF-8"?>
<!-- Generated by org.testng.reporters.JUnitReportReporter -->
<testsuite hostname="Dell-PC" failures="0" tests="4" name="demo.TestNGgroupsdemo" time="0.030" errors="0" timestamp="2020-06-01T19:36:14 IST" skipped="0">
  <testcase classname="demo.TestNGgroupsdemo" name="test4" time="0.000"/>
  <system-out/>
  <testcase classname="demo.TestNGgroupsdemo" name="test1" time="0.020"/>
  <system-out/>
  <testcase classname="demo.TestNGgroupsdemo" name="test3" time="0.000"/>
  <system-out/>
  <testcase classname="demo.TestNGgroupsdemo" name="test2" time="0.010"/>
  <system-out/>
</testsuite> <!-- demo.TestNGgroupsdemo -->
